<?xml version="1.0" encoding="UTF-8"?>
<testsuite xmlns:xsi="http://www.w3.org/2001/XMLSchema-instance" xsi:noNamespaceSchemaLocation="https://maven.apache.org/surefire/maven-surefire-plugin/xsd/surefire-test-report-3.0.xsd" version="3.0" name="Payment Gateway functional test" time="67.857" tests="5" errors="0" skipped="0" failures="0">
  <properties>
    <property name="sun.desktop" value="windows"/>
    <property name="awt.toolkit" value="sun.awt.windows.WToolkit"/>
    <property name="file.encoding.pkg" value="sun.io"/>
    <property name="java.specification.version" value="1.8"/>
    <property name="webdriver.chrome.driver" value="C:\Users\oralr\.cache\selenium\chromedriver\win32\109.0.5414.74\chromedriver.exe"/>
    <property name="sun.cpu.isalist" value="amd64"/>
    <property name="sun.jnu.encoding" value="Cp1252"/>
    <property name="java.class.path" value="C:\Users\oralr\IdeaProjects\RenastechTulip\04_CucumberBDD\target\test-classes;C:\Users\oralr\IdeaProjects\RenastechTulip\04_CucumberBDD\target\classes;C:\Users\oralr\.m2\repository\org\seleniumhq\selenium\selenium-java\3.141.59\selenium-java-3.141.59.jar;C:\Users\oralr\.m2\repository\org\seleniumhq\selenium\selenium-api\3.141.59\selenium-api-3.141.59.jar;C:\Users\oralr\.m2\repository\org\seleniumhq\selenium\selenium-chrome-driver\3.141.59\selenium-chrome-driver-3.141.59.jar;C:\Users\oralr\.m2\repository\org\seleniumhq\selenium\selenium-edge-driver\3.141.59\selenium-edge-driver-3.141.59.jar;C:\Users\oralr\.m2\repository\org\seleniumhq\selenium\selenium-firefox-driver\3.141.59\selenium-firefox-driver-3.141.59.jar;C:\Users\oralr\.m2\repository\org\seleniumhq\selenium\selenium-ie-driver\3.141.59\selenium-ie-driver-3.141.59.jar;C:\Users\oralr\.m2\repository\org\seleniumhq\selenium\selenium-opera-driver\3.141.59\selenium-opera-driver-3.141.59.jar;C:\Users\oralr\.m2\repository\org\seleniumhq\selenium\selenium-remote-driver\3.141.59\selenium-remote-driver-3.141.59.jar;C:\Users\oralr\.m2\repository\org\seleniumhq\selenium\selenium-safari-driver\3.141.59\selenium-safari-driver-3.141.59.jar;C:\Users\oralr\.m2\repository\org\seleniumhq\selenium\selenium-support\3.141.59\selenium-support-3.141.59.jar;C:\Users\oralr\.m2\repository\net\bytebuddy\byte-buddy\1.8.15\byte-buddy-1.8.15.jar;C:\Users\oralr\.m2\repository\org\apache\commons\commons-exec\1.3\commons-exec-1.3.jar;C:\Users\oralr\.m2\repository\com\google\guava\guava\25.0-jre\guava-25.0-jre.jar;C:\Users\oralr\.m2\repository\com\google\code\findbugs\jsr305\1.3.9\jsr305-1.3.9.jar;C:\Users\oralr\.m2\repository\org\checkerframework\checker-compat-qual\2.0.0\checker-compat-qual-2.0.0.jar;C:\Users\oralr\.m2\repository\com\google\errorprone\error_prone_annotations\2.1.3\error_prone_annotations-2.1.3.jar;C:\Users\oralr\.m2\repository\com\google\j2objc\j2objc-annotations\1.1\j2objc-annotations-1.1.jar;C:\Users\oralr\.m2\repository\org\codehaus\mojo\animal-sniffer-annotations\1.14\animal-sniffer-annotations-1.14.jar;C:\Users\oralr\.m2\repository\com\squareup\okhttp3\okhttp\3.11.0\okhttp-3.11.0.jar;C:\Users\oralr\.m2\repository\com\squareup\okio\okio\1.14.0\okio-1.14.0.jar;C:\Users\oralr\.m2\repository\io\cucumber\cucumber-java\7.0.0\cucumber-java-7.0.0.jar;C:\Users\oralr\.m2\repository\org\apiguardian\apiguardian-api\1.1.2\apiguardian-api-1.1.2.jar;C:\Users\oralr\.m2\repository\io\cucumber\cucumber-junit\7.0.0\cucumber-junit-7.0.0.jar;C:\Users\oralr\.m2\repository\junit\junit\4.13.2\junit-4.13.2.jar;C:\Users\oralr\.m2\repository\org\hamcrest\hamcrest-core\1.3\hamcrest-core-1.3.jar;C:\Users\oralr\.m2\repository\io\cucumber\cucumber-core\7.0.0\cucumber-core-7.0.0.jar;C:\Users\oralr\.m2\repository\io\cucumber\cucumber-gherkin\7.0.0\cucumber-gherkin-7.0.0.jar;C:\Users\oralr\.m2\repository\io\cucumber\cucumber-gherkin-messages\7.0.0\cucumber-gherkin-messages-7.0.0.jar;C:\Users\oralr\.m2\repository\io\cucumber\messages\17.1.1\messages-17.1.1.jar;C:\Users\oralr\.m2\repository\io\cucumber\tag-expressions\4.0.2\tag-expressions-4.0.2.jar;C:\Users\oralr\.m2\repository\io\cucumber\cucumber-expressions\13.0.1\cucumber-expressions-13.0.1.jar;C:\Users\oralr\.m2\repository\io\cucumber\datatable\7.0.0\datatable-7.0.0.jar;C:\Users\oralr\.m2\repository\io\cucumber\cucumber-plugin\7.0.0\cucumber-plugin-7.0.0.jar;C:\Users\oralr\.m2\repository\io\cucumber\docstring\7.0.0\docstring-7.0.0.jar;C:\Users\oralr\.m2\repository\io\cucumber\html-formatter\17.0.0\html-formatter-17.0.0.jar;C:\Users\oralr\.m2\repository\io\cucumber\create-meta\6.0.1\create-meta-6.0.1.jar;C:\Users\oralr\.m2\repository\io\github\bonigarcia\webdrivermanager\5.0.3\webdrivermanager-5.0.3.jar;C:\Users\oralr\.m2\repository\org\slf4j\slf4j-api\1.7.32\slf4j-api-1.7.32.jar;C:\Users\oralr\.m2\repository\com\google\code\gson\gson\2.8.8\gson-2.8.8.jar;C:\Users\oralr\.m2\repository\org\jsoup\jsoup\1.14.2\jsoup-1.14.2.jar;C:\Users\oralr\.m2\repository\com\github\docker-java\docker-java\3.2.12\docker-java-3.2.12.jar;C:\Users\oralr\.m2\repository\com\github\docker-java\docker-java-core\3.2.12\docker-java-core-3.2.12.jar;C:\Users\oralr\.m2\repository\com\github\docker-java\docker-java-api\3.2.12\docker-java-api-3.2.12.jar;C:\Users\oralr\.m2\repository\com\fasterxml\jackson\core\jackson-annotations\2.10.3\jackson-annotations-2.10.3.jar;C:\Users\oralr\.m2\repository\commons-lang\commons-lang\2.6\commons-lang-2.6.jar;C:\Users\oralr\.m2\repository\com\fasterxml\jackson\core\jackson-databind\2.10.3\jackson-databind-2.10.3.jar;C:\Users\oralr\.m2\repository\com\fasterxml\jackson\core\jackson-core\2.10.3\jackson-core-2.10.3.jar;C:\Users\oralr\.m2\repository\org\slf4j\jcl-over-slf4j\1.7.30\jcl-over-slf4j-1.7.30.jar;C:\Users\oralr\.m2\repository\com\github\docker-java\docker-java-transport-httpclient5\3.2.12\docker-java-transport-httpclient5-3.2.12.jar;C:\Users\oralr\.m2\repository\com\github\docker-java\docker-java-transport\3.2.12\docker-java-transport-3.2.12.jar;C:\Users\oralr\.m2\repository\org\apache\httpcomponents\client5\httpclient5\5.0.3\httpclient5-5.0.3.jar;C:\Users\oralr\.m2\repository\org\apache\httpcomponents\core5\httpcore5\5.0.2\httpcore5-5.0.2.jar;C:\Users\oralr\.m2\repository\net\java\dev\jna\jna\5.8.0\jna-5.8.0.jar;C:\Users\oralr\.m2\repository\org\brotli\dec\0.1.2\dec-0.1.2.jar;C:\Users\oralr\.m2\repository\log4j\log4j\1.2.17\log4j-1.2.17.jar;C:\Users\oralr\.m2\repository\org\apache\poi\poi-ooxml\5.0.0\poi-ooxml-5.0.0.jar;C:\Users\oralr\.m2\repository\org\apache\poi\poi\5.0.0\poi-5.0.0.jar;C:\Users\oralr\.m2\repository\commons-codec\commons-codec\1.15\commons-codec-1.15.jar;C:\Users\oralr\.m2\repository\org\apache\commons\commons-collections4\4.4\commons-collections4-4.4.jar;C:\Users\oralr\.m2\repository\org\apache\commons\commons-math3\3.6.1\commons-math3-3.6.1.jar;C:\Users\oralr\.m2\repository\com\zaxxer\SparseBitSet\1.2\SparseBitSet-1.2.jar;C:\Users\oralr\.m2\repository\org\apache\poi\poi-ooxml-lite\5.0.0\poi-ooxml-lite-5.0.0.jar;C:\Users\oralr\.m2\repository\org\apache\xmlbeans\xmlbeans\4.0.0\xmlbeans-4.0.0.jar;C:\Users\oralr\.m2\repository\xml-apis\xml-apis\1.4.01\xml-apis-1.4.01.jar;C:\Users\oralr\.m2\repository\org\apache\commons\commons-compress\1.20\commons-compress-1.20.jar;C:\Users\oralr\.m2\repository\com\github\virtuald\curvesapi\1.06\curvesapi-1.06.jar;C:\Users\oralr\.m2\repository\org\bouncycastle\bcpkix-jdk15on\1.68\bcpkix-jdk15on-1.68.jar;C:\Users\oralr\.m2\repository\org\bouncycastle\bcprov-jdk15on\1.68\bcprov-jdk15on-1.68.jar;C:\Users\oralr\.m2\repository\org\apache\santuario\xmlsec\2.2.1\xmlsec-2.2.1.jar;C:\Users\oralr\.m2\repository\com\fasterxml\woodstox\woodstox-core\5.2.1\woodstox-core-5.2.1.jar;C:\Users\oralr\.m2\repository\org\codehaus\woodstox\stax2-api\4.2\stax2-api-4.2.jar;C:\Users\oralr\.m2\repository\org\apache\xmlgraphics\batik-all\1.13\batik-all-1.13.jar;C:\Users\oralr\.m2\repository\org\apache\xmlgraphics\batik-anim\1.13\batik-anim-1.13.jar;C:\Users\oralr\.m2\repository\org\apache\xmlgraphics\batik-shared-resources\1.13\batik-shared-resources-1.13.jar;C:\Users\oralr\.m2\repository\xml-apis\xml-apis-ext\1.3.04\xml-apis-ext-1.3.04.jar;C:\Users\oralr\.m2\repository\org\apache\xmlgraphics\batik-awt-util\1.13\batik-awt-util-1.13.jar;C:\Users\oralr\.m2\repository\org\apache\xmlgraphics\xmlgraphics-commons\2.4\xmlgraphics-commons-2.4.jar;C:\Users\oralr\.m2\repository\org\apache\xmlgraphics\batik-bridge\1.13\batik-bridge-1.13.jar;C:\Users\oralr\.m2\repository\org\apache\xmlgraphics\batik-codec\1.13\batik-codec-1.13.jar;C:\Users\oralr\.m2\repository\org\apache\xmlgraphics\batik-constants\1.13\batik-constants-1.13.jar;C:\Users\oralr\.m2\repository\org\apache\xmlgraphics\batik-css\1.13\batik-css-1.13.jar;C:\Users\oralr\.m2\repository\org\apache\xmlgraphics\batik-dom\1.13\batik-dom-1.13.jar;C:\Users\oralr\.m2\repository\xalan\xalan\2.7.2\xalan-2.7.2.jar;C:\Users\oralr\.m2\repository\xalan\serializer\2.7.2\serializer-2.7.2.jar;C:\Users\oralr\.m2\repository\org\apache\xmlgraphics\batik-ext\1.13\batik-ext-1.13.jar;C:\Users\oralr\.m2\repository\org\apache\xmlgraphics\batik-extension\1.13\batik-extension-1.13.jar;C:\Users\oralr\.m2\repository\org\apache\xmlgraphics\batik-gui-util\1.13\batik-gui-util-1.13.jar;C:\Users\oralr\.m2\repository\org\apache\xmlgraphics\batik-gvt\1.13\batik-gvt-1.13.jar;C:\Users\oralr\.m2\repository\org\apache\xmlgraphics\batik-i18n\1.13\batik-i18n-1.13.jar;C:\Users\oralr\.m2\repository\org\apache\xmlgraphics\batik-parser\1.13\batik-parser-1.13.jar;C:\Users\oralr\.m2\repository\org\apache\xmlgraphics\batik-rasterizer-ext\1.13\batik-rasterizer-ext-1.13.jar;C:\Users\oralr\.m2\repository\org\apache\xmlgraphics\batik-rasterizer\1.13\batik-rasterizer-1.13.jar;C:\Users\oralr\.m2\repository\org\apache\xmlgraphics\batik-script\1.13\batik-script-1.13.jar;C:\Users\oralr\.m2\repository\org\apache\xmlgraphics\batik-slideshow\1.13\batik-slideshow-1.13.jar;C:\Users\oralr\.m2\repository\org\apache\xmlgraphics\batik-squiggle-ext\1.13\batik-squiggle-ext-1.13.jar;C:\Users\oralr\.m2\repository\org\apache\xmlgraphics\batik-squiggle\1.13\batik-squiggle-1.13.jar;C:\Users\oralr\.m2\repository\org\apache\xmlgraphics\batik-svg-dom\1.13\batik-svg-dom-1.13.jar;C:\Users\oralr\.m2\repository\org\apache\xmlgraphics\batik-svgbrowser\1.13\batik-svgbrowser-1.13.jar;C:\Users\oralr\.m2\repository\org\apache\xmlgraphics\batik-svggen\1.13\batik-svggen-1.13.jar;C:\Users\oralr\.m2\repository\org\apache\xmlgraphics\batik-svgpp\1.13\batik-svgpp-1.13.jar;C:\Users\oralr\.m2\repository\org\apache\xmlgraphics\batik-svgrasterizer\1.13\batik-svgrasterizer-1.13.jar;C:\Users\oralr\.m2\repository\org\apache\xmlgraphics\batik-swing\1.13\batik-swing-1.13.jar;C:\Users\oralr\.m2\repository\org\apache\xmlgraphics\batik-transcoder\1.13\batik-transcoder-1.13.jar;C:\Users\oralr\.m2\repository\org\apache\xmlgraphics\batik-util\1.13\batik-util-1.13.jar;C:\Users\oralr\.m2\repository\org\apache\xmlgraphics\batik-ttf2svg\1.13\batik-ttf2svg-1.13.jar;C:\Users\oralr\.m2\repository\org\apache\xmlgraphics\batik-xml\1.13\batik-xml-1.13.jar;C:\Users\oralr\.m2\repository\de\rototor\pdfbox\graphics2d\0.30\graphics2d-0.30.jar;C:\Users\oralr\.m2\repository\org\apache\pdfbox\pdfbox\2.0.22\pdfbox-2.0.22.jar;C:\Users\oralr\.m2\repository\org\apache\pdfbox\fontbox\2.0.22\fontbox-2.0.22.jar;C:\Users\oralr\.m2\repository\commons-io\commons-io\2.11.0\commons-io-2.11.0.jar;"/>
    <property name="java.vm.vendor" value="Oracle Corporation"/>
    <property name="sun.arch.data.model" value="64"/>
    <property name="user.variant" value=""/>
    <property name="java.vendor.url" value="http://java.oracle.com/"/>
    <property name="user.timezone" value="America/New_York"/>
    <property name="java.vm.specification.version" value="1.8"/>
    <property name="os.name" value="Windows 10"/>
    <property name="user.country" value="CA"/>
    <property name="sun.java.launcher" value="SUN_STANDARD"/>
    <property name="sun.boot.library.path" value="C:\Program Files\Java\jdk1.8.0_291\jre\bin"/>
    <property name="sun.java.command" value="C:\Users\oralr\AppData\Local\Temp\surefire3692005100899567291\surefirebooter7311291178780128770.jar C:\Users\oralr\AppData\Local\Temp\surefire3692005100899567291 2023-01-20T20-59-17_599-jvmRun1 surefire2749467792087163788tmp surefire_05791439595211535831tmp"/>
    <property name="surefire.test.class.path" value="C:\Users\oralr\IdeaProjects\RenastechTulip\04_CucumberBDD\target\test-classes;C:\Users\oralr\IdeaProjects\RenastechTulip\04_CucumberBDD\target\classes;C:\Users\oralr\.m2\repository\org\seleniumhq\selenium\selenium-java\3.141.59\selenium-java-3.141.59.jar;C:\Users\oralr\.m2\repository\org\seleniumhq\selenium\selenium-api\3.141.59\selenium-api-3.141.59.jar;C:\Users\oralr\.m2\repository\org\seleniumhq\selenium\selenium-chrome-driver\3.141.59\selenium-chrome-driver-3.141.59.jar;C:\Users\oralr\.m2\repository\org\seleniumhq\selenium\selenium-edge-driver\3.141.59\selenium-edge-driver-3.141.59.jar;C:\Users\oralr\.m2\repository\org\seleniumhq\selenium\selenium-firefox-driver\3.141.59\selenium-firefox-driver-3.141.59.jar;C:\Users\oralr\.m2\repository\org\seleniumhq\selenium\selenium-ie-driver\3.141.59\selenium-ie-driver-3.141.59.jar;C:\Users\oralr\.m2\repository\org\seleniumhq\selenium\selenium-opera-driver\3.141.59\selenium-opera-driver-3.141.59.jar;C:\Users\oralr\.m2\repository\org\seleniumhq\selenium\selenium-remote-driver\3.141.59\selenium-remote-driver-3.141.59.jar;C:\Users\oralr\.m2\repository\org\seleniumhq\selenium\selenium-safari-driver\3.141.59\selenium-safari-driver-3.141.59.jar;C:\Users\oralr\.m2\repository\org\seleniumhq\selenium\selenium-support\3.141.59\selenium-support-3.141.59.jar;C:\Users\oralr\.m2\repository\net\bytebuddy\byte-buddy\1.8.15\byte-buddy-1.8.15.jar;C:\Users\oralr\.m2\repository\org\apache\commons\commons-exec\1.3\commons-exec-1.3.jar;C:\Users\oralr\.m2\repository\com\google\guava\guava\25.0-jre\guava-25.0-jre.jar;C:\Users\oralr\.m2\repository\com\google\code\findbugs\jsr305\1.3.9\jsr305-1.3.9.jar;C:\Users\oralr\.m2\repository\org\checkerframework\checker-compat-qual\2.0.0\checker-compat-qual-2.0.0.jar;C:\Users\oralr\.m2\repository\com\google\errorprone\error_prone_annotations\2.1.3\error_prone_annotations-2.1.3.jar;C:\Users\oralr\.m2\repository\com\google\j2objc\j2objc-annotations\1.1\j2objc-annotations-1.1.jar;C:\Users\oralr\.m2\repository\org\codehaus\mojo\animal-sniffer-annotations\1.14\animal-sniffer-annotations-1.14.jar;C:\Users\oralr\.m2\repository\com\squareup\okhttp3\okhttp\3.11.0\okhttp-3.11.0.jar;C:\Users\oralr\.m2\repository\com\squareup\okio\okio\1.14.0\okio-1.14.0.jar;C:\Users\oralr\.m2\repository\io\cucumber\cucumber-java\7.0.0\cucumber-java-7.0.0.jar;C:\Users\oralr\.m2\repository\org\apiguardian\apiguardian-api\1.1.2\apiguardian-api-1.1.2.jar;C:\Users\oralr\.m2\repository\io\cucumber\cucumber-junit\7.0.0\cucumber-junit-7.0.0.jar;C:\Users\oralr\.m2\repository\junit\junit\4.13.2\junit-4.13.2.jar;C:\Users\oralr\.m2\repository\org\hamcrest\hamcrest-core\1.3\hamcrest-core-1.3.jar;C:\Users\oralr\.m2\repository\io\cucumber\cucumber-core\7.0.0\cucumber-core-7.0.0.jar;C:\Users\oralr\.m2\repository\io\cucumber\cucumber-gherkin\7.0.0\cucumber-gherkin-7.0.0.jar;C:\Users\oralr\.m2\repository\io\cucumber\cucumber-gherkin-messages\7.0.0\cucumber-gherkin-messages-7.0.0.jar;C:\Users\oralr\.m2\repository\io\cucumber\messages\17.1.1\messages-17.1.1.jar;C:\Users\oralr\.m2\repository\io\cucumber\tag-expressions\4.0.2\tag-expressions-4.0.2.jar;C:\Users\oralr\.m2\repository\io\cucumber\cucumber-expressions\13.0.1\cucumber-expressions-13.0.1.jar;C:\Users\oralr\.m2\repository\io\cucumber\datatable\7.0.0\datatable-7.0.0.jar;C:\Users\oralr\.m2\repository\io\cucumber\cucumber-plugin\7.0.0\cucumber-plugin-7.0.0.jar;C:\Users\oralr\.m2\repository\io\cucumber\docstring\7.0.0\docstring-7.0.0.jar;C:\Users\oralr\.m2\repository\io\cucumber\html-formatter\17.0.0\html-formatter-17.0.0.jar;C:\Users\oralr\.m2\repository\io\cucumber\create-meta\6.0.1\create-meta-6.0.1.jar;C:\Users\oralr\.m2\repository\io\github\bonigarcia\webdrivermanager\5.0.3\webdrivermanager-5.0.3.jar;C:\Users\oralr\.m2\repository\org\slf4j\slf4j-api\1.7.32\slf4j-api-1.7.32.jar;C:\Users\oralr\.m2\repository\com\google\code\gson\gson\2.8.8\gson-2.8.8.jar;C:\Users\oralr\.m2\repository\org\jsoup\jsoup\1.14.2\jsoup-1.14.2.jar;C:\Users\oralr\.m2\repository\com\github\docker-java\docker-java\3.2.12\docker-java-3.2.12.jar;C:\Users\oralr\.m2\repository\com\github\docker-java\docker-java-core\3.2.12\docker-java-core-3.2.12.jar;C:\Users\oralr\.m2\repository\com\github\docker-java\docker-java-api\3.2.12\docker-java-api-3.2.12.jar;C:\Users\oralr\.m2\repository\com\fasterxml\jackson\core\jackson-annotations\2.10.3\jackson-annotations-2.10.3.jar;C:\Users\oralr\.m2\repository\commons-lang\commons-lang\2.6\commons-lang-2.6.jar;C:\Users\oralr\.m2\repository\com\fasterxml\jackson\core\jackson-databind\2.10.3\jackson-databind-2.10.3.jar;C:\Users\oralr\.m2\repository\com\fasterxml\jackson\core\jackson-core\2.10.3\jackson-core-2.10.3.jar;C:\Users\oralr\.m2\repository\org\slf4j\jcl-over-slf4j\1.7.30\jcl-over-slf4j-1.7.30.jar;C:\Users\oralr\.m2\repository\com\github\docker-java\docker-java-transport-httpclient5\3.2.12\docker-java-transport-httpclient5-3.2.12.jar;C:\Users\oralr\.m2\repository\com\github\docker-java\docker-java-transport\3.2.12\docker-java-transport-3.2.12.jar;C:\Users\oralr\.m2\repository\org\apache\httpcomponents\client5\httpclient5\5.0.3\httpclient5-5.0.3.jar;C:\Users\oralr\.m2\repository\org\apache\httpcomponents\core5\httpcore5\5.0.2\httpcore5-5.0.2.jar;C:\Users\oralr\.m2\repository\net\java\dev\jna\jna\5.8.0\jna-5.8.0.jar;C:\Users\oralr\.m2\repository\org\brotli\dec\0.1.2\dec-0.1.2.jar;C:\Users\oralr\.m2\repository\log4j\log4j\1.2.17\log4j-1.2.17.jar;C:\Users\oralr\.m2\repository\org\apache\poi\poi-ooxml\5.0.0\poi-ooxml-5.0.0.jar;C:\Users\oralr\.m2\repository\org\apache\poi\poi\5.0.0\poi-5.0.0.jar;C:\Users\oralr\.m2\repository\commons-codec\commons-codec\1.15\commons-codec-1.15.jar;C:\Users\oralr\.m2\repository\org\apache\commons\commons-collections4\4.4\commons-collections4-4.4.jar;C:\Users\oralr\.m2\repository\org\apache\commons\commons-math3\3.6.1\commons-math3-3.6.1.jar;C:\Users\oralr\.m2\repository\com\zaxxer\SparseBitSet\1.2\SparseBitSet-1.2.jar;C:\Users\oralr\.m2\repository\org\apache\poi\poi-ooxml-lite\5.0.0\poi-ooxml-lite-5.0.0.jar;C:\Users\oralr\.m2\repository\org\apache\xmlbeans\xmlbeans\4.0.0\xmlbeans-4.0.0.jar;C:\Users\oralr\.m2\repository\xml-apis\xml-apis\1.4.01\xml-apis-1.4.01.jar;C:\Users\oralr\.m2\repository\org\apache\commons\commons-compress\1.20\commons-compress-1.20.jar;C:\Users\oralr\.m2\repository\com\github\virtuald\curvesapi\1.06\curvesapi-1.06.jar;C:\Users\oralr\.m2\repository\org\bouncycastle\bcpkix-jdk15on\1.68\bcpkix-jdk15on-1.68.jar;C:\Users\oralr\.m2\repository\org\bouncycastle\bcprov-jdk15on\1.68\bcprov-jdk15on-1.68.jar;C:\Users\oralr\.m2\repository\org\apache\santuario\xmlsec\2.2.1\xmlsec-2.2.1.jar;C:\Users\oralr\.m2\repository\com\fasterxml\woodstox\woodstox-core\5.2.1\woodstox-core-5.2.1.jar;C:\Users\oralr\.m2\repository\org\codehaus\woodstox\stax2-api\4.2\stax2-api-4.2.jar;C:\Users\oralr\.m2\repository\org\apache\xmlgraphics\batik-all\1.13\batik-all-1.13.jar;C:\Users\oralr\.m2\repository\org\apache\xmlgraphics\batik-anim\1.13\batik-anim-1.13.jar;C:\Users\oralr\.m2\repository\org\apache\xmlgraphics\batik-shared-resources\1.13\batik-shared-resources-1.13.jar;C:\Users\oralr\.m2\repository\xml-apis\xml-apis-ext\1.3.04\xml-apis-ext-1.3.04.jar;C:\Users\oralr\.m2\repository\org\apache\xmlgraphics\batik-awt-util\1.13\batik-awt-util-1.13.jar;C:\Users\oralr\.m2\repository\org\apache\xmlgraphics\xmlgraphics-commons\2.4\xmlgraphics-commons-2.4.jar;C:\Users\oralr\.m2\repository\org\apache\xmlgraphics\batik-bridge\1.13\batik-bridge-1.13.jar;C:\Users\oralr\.m2\repository\org\apache\xmlgraphics\batik-codec\1.13\batik-codec-1.13.jar;C:\Users\oralr\.m2\repository\org\apache\xmlgraphics\batik-constants\1.13\batik-constants-1.13.jar;C:\Users\oralr\.m2\repository\org\apache\xmlgraphics\batik-css\1.13\batik-css-1.13.jar;C:\Users\oralr\.m2\repository\org\apache\xmlgraphics\batik-dom\1.13\batik-dom-1.13.jar;C:\Users\oralr\.m2\repository\xalan\xalan\2.7.2\xalan-2.7.2.jar;C:\Users\oralr\.m2\repository\xalan\serializer\2.7.2\serializer-2.7.2.jar;C:\Users\oralr\.m2\repository\org\apache\xmlgraphics\batik-ext\1.13\batik-ext-1.13.jar;C:\Users\oralr\.m2\repository\org\apache\xmlgraphics\batik-extension\1.13\batik-extension-1.13.jar;C:\Users\oralr\.m2\repository\org\apache\xmlgraphics\batik-gui-util\1.13\batik-gui-util-1.13.jar;C:\Users\oralr\.m2\repository\org\apache\xmlgraphics\batik-gvt\1.13\batik-gvt-1.13.jar;C:\Users\oralr\.m2\repository\org\apache\xmlgraphics\batik-i18n\1.13\batik-i18n-1.13.jar;C:\Users\oralr\.m2\repository\org\apache\xmlgraphics\batik-parser\1.13\batik-parser-1.13.jar;C:\Users\oralr\.m2\repository\org\apache\xmlgraphics\batik-rasterizer-ext\1.13\batik-rasterizer-ext-1.13.jar;C:\Users\oralr\.m2\repository\org\apache\xmlgraphics\batik-rasterizer\1.13\batik-rasterizer-1.13.jar;C:\Users\oralr\.m2\repository\org\apache\xmlgraphics\batik-script\1.13\batik-script-1.13.jar;C:\Users\oralr\.m2\repository\org\apache\xmlgraphics\batik-slideshow\1.13\batik-slideshow-1.13.jar;C:\Users\oralr\.m2\repository\org\apache\xmlgraphics\batik-squiggle-ext\1.13\batik-squiggle-ext-1.13.jar;C:\Users\oralr\.m2\repository\org\apache\xmlgraphics\batik-squiggle\1.13\batik-squiggle-1.13.jar;C:\Users\oralr\.m2\repository\org\apache\xmlgraphics\batik-svg-dom\1.13\batik-svg-dom-1.13.jar;C:\Users\oralr\.m2\repository\org\apache\xmlgraphics\batik-svgbrowser\1.13\batik-svgbrowser-1.13.jar;C:\Users\oralr\.m2\repository\org\apache\xmlgraphics\batik-svggen\1.13\batik-svggen-1.13.jar;C:\Users\oralr\.m2\repository\org\apache\xmlgraphics\batik-svgpp\1.13\batik-svgpp-1.13.jar;C:\Users\oralr\.m2\repository\org\apache\xmlgraphics\batik-svgrasterizer\1.13\batik-svgrasterizer-1.13.jar;C:\Users\oralr\.m2\repository\org\apache\xmlgraphics\batik-swing\1.13\batik-swing-1.13.jar;C:\Users\oralr\.m2\repository\org\apache\xmlgraphics\batik-transcoder\1.13\batik-transcoder-1.13.jar;C:\Users\oralr\.m2\repository\org\apache\xmlgraphics\batik-util\1.13\batik-util-1.13.jar;C:\Users\oralr\.m2\repository\org\apache\xmlgraphics\batik-ttf2svg\1.13\batik-ttf2svg-1.13.jar;C:\Users\oralr\.m2\repository\org\apache\xmlgraphics\batik-xml\1.13\batik-xml-1.13.jar;C:\Users\oralr\.m2\repository\de\rototor\pdfbox\graphics2d\0.30\graphics2d-0.30.jar;C:\Users\oralr\.m2\repository\org\apache\pdfbox\pdfbox\2.0.22\pdfbox-2.0.22.jar;C:\Users\oralr\.m2\repository\org\apache\pdfbox\fontbox\2.0.22\fontbox-2.0.22.jar;C:\Users\oralr\.m2\repository\commons-io\commons-io\2.11.0\commons-io-2.11.0.jar;"/>
    <property name="sun.cpu.endian" value="little"/>
    <property name="user.home" value="C:\Users\oralr"/>
    <property name="user.language" value="en"/>
    <property name="java.specification.vendor" value="Oracle Corporation"/>
    <property name="java.home" value="C:\Program Files\Java\jdk1.8.0_291\jre"/>
    <property name="basedir" value="C:\Users\oralr\IdeaProjects\RenastechTulip\04_CucumberBDD"/>
    <property name="file.separator" value="\"/>
    <property name="line.separator" value="&#10;"/>
    <property name="java.vm.specification.vendor" value="Oracle Corporation"/>
    <property name="java.specification.name" value="Java Platform API Specification"/>
    <property name="java.awt.graphicsenv" value="sun.awt.Win32GraphicsEnvironment"/>
    <property name="surefire.real.class.path" value="C:\Users\oralr\AppData\Local\Temp\surefire3692005100899567291\surefirebooter7311291178780128770.jar"/>
    <property name="sun.boot.class.path" value="C:\Program Files\Java\jdk1.8.0_291\jre\lib\resources.jar;C:\Program Files\Java\jdk1.8.0_291\jre\lib\rt.jar;C:\Program Files\Java\jdk1.8.0_291\jre\lib\sunrsasign.jar;C:\Program Files\Java\jdk1.8.0_291\jre\lib\jsse.jar;C:\Program Files\Java\jdk1.8.0_291\jre\lib\jce.jar;C:\Program Files\Java\jdk1.8.0_291\jre\lib\charsets.jar;C:\Program Files\Java\jdk1.8.0_291\jre\lib\jfr.jar;C:\Program Files\Java\jdk1.8.0_291\jre\classes"/>
    <property name="user.script" value=""/>
    <property name="sun.management.compiler" value="HotSpot 64-Bit Tiered Compilers"/>
    <property name="java.runtime.version" value="1.8.0_291-b10"/>
    <property name="user.name" value="oralr"/>
    <property name="path.separator" value=";"/>
    <property name="os.version" value="10.0"/>
    <property name="java.endorsed.dirs" value="C:\Program Files\Java\jdk1.8.0_291\jre\lib\endorsed"/>
    <property name="java.runtime.name" value="Java(TM) SE Runtime Environment"/>
    <property name="file.encoding" value="Cp1252"/>
    <property name="java.vm.name" value="Java HotSpot(TM) 64-Bit Server VM"/>
    <property name="localRepository" value="C:\Users\oralr\.m2\repository"/>
    <property name="java.vendor.url.bug" value="http://bugreport.sun.com/bugreport/"/>
    <property name="java.io.tmpdir" value="C:\Users\oralr\AppData\Local\Temp\"/>
    <property name="idea.version" value="2022.2.1"/>
    <property name="java.version" value="1.8.0_291"/>
    <property name="user.dir" value="C:\Users\oralr\IdeaProjects\RenastechTulip\04_CucumberBDD"/>
    <property name="os.arch" value="amd64"/>
    <property name="java.vm.specification.name" value="Java Virtual Machine Specification"/>
    <property name="java.awt.printerjob" value="sun.awt.windows.WPrinterJob"/>
    <property name="sun.os.patch.level" value=""/>
    <property name="java.library.path" value="C:\Program Files\Java\jdk1.8.0_291\jre\bin;C:\Windows\Sun\Java\bin;C:\Windows\system32;C:\Windows;C:\Program Files (x86)\Common Files\Oracle\Java\javapath;C:\Windows\system32;C:\Windows;C:\Windows\System32\Wbem;C:\Windows\System32\WindowsPowerShell\v1.0\;C:\Windows\System32\OpenSSH\;C:\Program Files (x86)\NVIDIA Corporation\PhysX\Common;C:\Program Files\NVIDIA Corporation\NVIDIA NvDLISR;C:\Program Files\Java\jdk1.8.0_291\bin;C:\Program Files\Git\cmd;C:\Program Files\nodejs\;C:\Users\oralr\AppData\Local\Android\Sdk\platform-tools;C:\Users\oralr\AppData\Local\Android\Sdk\tools;C:\Users\oralr\AppData\Local\Android\Sdk\build-tools;C:\Users\oralr\AppData\Local\Android\Sdk\platforms;C:\Users\oralr\AppData\Local\Microsoft\WindowsApps;C:\Users\oralr\AppData\Roaming\npm;C:\Users\oralr\AppData\Local\atom\bin;."/>
    <property name="java.vm.info" value="mixed mode"/>
    <property name="java.vendor" value="Oracle Corporation"/>
    <property name="java.vm.version" value="25.291-b10"/>
    <property name="java.ext.dirs" value="C:\Program Files\Java\jdk1.8.0_291\jre\lib\ext;C:\Windows\Sun\Java\lib\ext"/>
    <property name="sun.io.unicode.encoding" value="UnicodeLittle"/>
    <property name="java.class.version" value="52.0"/>
  </properties>
  <testcase name="Verify that user can buy an Elephant toy" classname="Payment Gateway functional test" time="14.209">
    <system-out><![CDATA[
@BuyingProduct_TC1 @Regression
Scenario: Verify that user can buy an Elephant toy             &amp#27;[90m# src/test/resources/Demo.feature:6&amp#27;[0m
Driver is successfully started
  &amp#27;[32mGiven &amp#27;[0m&amp#27;[32mThe user wants to go to Payment Gateway Website&amp#27;[0m        &amp#27;[90m# code.stepsDefinitions.guru99Steps.the_user_wants_to_go_to_payment_gateway_website()&amp#27;[0m
  &amp#27;[32mWhen &amp#27;[0m&amp#27;[32mThe user wants to buy an elephant toy&amp#27;[0m                   &amp#27;[90m# code.stepsDefinitions.guru99Steps.the_user_wants_to_buy_an_elephant_toy()&amp#27;[0m
  &amp#27;[32mThen &amp#27;[0m&amp#27;[32mThe user wants to provide requested payment information&amp#27;[0m &amp#27;[90m# code.stepsDefinitions.guru99Steps.the_user_wants_to_provide_requested_payment_information()&amp#27;[0m
  &amp#27;[32mAnd &amp#27;[0m&amp#27;[32mThe user wants to click on pay now&amp#27;[0m                       &amp#27;[90m# code.stepsDefinitions.guru99Steps.the_user_wants_to_click_on_pay_now()&amp#27;[0m
  &amp#27;[32mThen &amp#27;[0m&amp#27;[32mThe user wants to verify order is successful&amp#27;[0m            &amp#27;[90m# code.stepsDefinitions.guru99Steps.the_user_wants_to_verify_order_is_successful()&amp#27;[0m
]]></system-out>
    <system-err><![CDATA[SLF4J: Failed to load class "org.slf4j.impl.StaticLoggerBinder".
SLF4J: Defaulting to no-operation (NOP) logger implementation
SLF4J: See http://www.slf4j.org/codes.html#StaticLoggerBinder for further details.
Starting ChromeDriver 109.0.5414.74 (e7c5703604daa9cc128ccf5a5d3e993513758913-refs/branch-heads/5414@{#1172}) on port 9917
Only local connections are allowed.
Please see https://chromedriver.chromium.org/security-considerations for suggestions on keeping ChromeDriver safe.
ChromeDriver was started successfully.
Jan 20, 2023 8:59:21 PM org.openqa.selenium.remote.ProtocolHandshake createSession
INFO: Detected dialect: W3C
]]></system-err>
  </testcase>
  <testcase name="Verify that user can buy multiple products #1" classname="Payment Gateway functional test" time="13.544">
    <system-out><![CDATA[
@BuyingProduct_TC2 @Regression @Smoke
Scenario: Verify that user can buy multiple products                    &amp#27;[90m# src/test/resources/Demo.feature:19&amp#27;[0m
Driver is successfully started
  &amp#27;[32mGiven &amp#27;[0m&amp#27;[32mThe user wants to go to Payment Gateway Website&amp#27;[0m                 &amp#27;[90m# code.stepsDefinitions.guru99Steps.the_user_wants_to_go_to_payment_gateway_website()&amp#27;[0m
  &amp#27;[32mWhen &amp#27;[0m&amp#27;[32mThe user wants to buy elephant toy as &amp#27;[0m&amp#27;[32m&amp#27;[1m"5"&amp#27;[0m                        &amp#27;[90m# code.stepsDefinitions.guru99Steps.the_user_wants_to_buy_elephant_toy_as(java.lang.String)&amp#27;[0m
  &amp#27;[32mThen &amp#27;[0m&amp#27;[32mThe user wants to enter Credit Card Number as &amp#27;[0m&amp#27;[32m&amp#27;[1m"5454545454545454"&amp#27;[0m &amp#27;[90m# code.stepsDefinitions.guru99Steps.the_user_wants_to_enter_credit_card_number_as(java.lang.String)&amp#27;[0m
  &amp#27;[32mAnd &amp#27;[0m&amp#27;[32mThe user wants to enter Expiration Month as &amp#27;[0m&amp#27;[32m&amp#27;[1m"11"&amp#27;[0m                  &amp#27;[90m# code.stepsDefinitions.guru99Steps.the_user_wants_to_enter_expiration_month_as(java.lang.String)&amp#27;[0m
  &amp#27;[32mAnd &amp#27;[0m&amp#27;[32mThe user wants to enter Expiration Year as &amp#27;[0m&amp#27;[32m&amp#27;[1m"2026"&amp#27;[0m                 &amp#27;[90m# code.stepsDefinitions.guru99Steps.the_user_wants_to_enter_expiration_year_as(java.lang.String)&amp#27;[0m
  &amp#27;[32mAnd &amp#27;[0m&amp#27;[32mThe user wants to enter CVV Code as &amp#27;[0m&amp#27;[32m&amp#27;[1m"189"&amp#27;[0m                         &amp#27;[90m# code.stepsDefinitions.guru99Steps.the_user_wants_to_enter_cvv_code_as(java.lang.String)&amp#27;[0m
  &amp#27;[32mAnd &amp#27;[0m&amp#27;[32mThe user wants to click on pay now&amp#27;[0m                                &amp#27;[90m# code.stepsDefinitions.guru99Steps.the_user_wants_to_click_on_pay_now()&amp#27;[0m
  &amp#27;[32mThen &amp#27;[0m&amp#27;[32mThe user wants to verify message as &amp#27;[0m&amp#27;[32m&amp#27;[1m"Payment successfull!"&amp#27;[0m       &amp#27;[90m# code.stepsDefinitions.guru99Steps.the_user_wants_to_verify_message_as(java.lang.String)&amp#27;[0m
]]></system-out>
    <system-err><![CDATA[Starting ChromeDriver 109.0.5414.74 (e7c5703604daa9cc128ccf5a5d3e993513758913-refs/branch-heads/5414@{#1172}) on port 29561
Only local connections are allowed.
Please see https://chromedriver.chromium.org/security-considerations for suggestions on keeping ChromeDriver safe.
ChromeDriver was started successfully.
Jan 20, 2023 8:59:35 PM org.openqa.selenium.remote.ProtocolHandshake createSession
INFO: Detected dialect: W3C
]]></system-err>
  </testcase>
  <testcase name="Verify that user can buy multiple products #2" classname="Payment Gateway functional test" time="13.227">
    <system-out><![CDATA[
@dryRunTest @Regression
Scenario: Verify that user can buy multiple products                    &amp#27;[90m# src/test/resources/Demo.feature:30&amp#27;[0m
Driver is successfully started
  &amp#27;[32mGiven &amp#27;[0m&amp#27;[32mThe user wants to go to Payment Gateway Website&amp#27;[0m                 &amp#27;[90m# code.stepsDefinitions.guru99Steps.the_user_wants_to_go_to_payment_gateway_website()&amp#27;[0m
  &amp#27;[32mWhen &amp#27;[0m&amp#27;[32mThe user wants to buy elephant toy as &amp#27;[0m&amp#27;[32m&amp#27;[1m"5"&amp#27;[0m                        &amp#27;[90m# code.stepsDefinitions.guru99Steps.the_user_wants_to_buy_elephant_toy_as(java.lang.String)&amp#27;[0m
  &amp#27;[32mThen &amp#27;[0m&amp#27;[32mThe user wants to enter Credit Card Number as &amp#27;[0m&amp#27;[32m&amp#27;[1m"5454545454545454"&amp#27;[0m &amp#27;[90m# code.stepsDefinitions.guru99Steps.the_user_wants_to_enter_credit_card_number_as(java.lang.String)&amp#27;[0m
  &amp#27;[32mAnd &amp#27;[0m&amp#27;[32mThe user wants to enter Expiration Month as &amp#27;[0m&amp#27;[32m&amp#27;[1m"11"&amp#27;[0m                  &amp#27;[90m# code.stepsDefinitions.guru99Steps.the_user_wants_to_enter_expiration_month_as(java.lang.String)&amp#27;[0m
  &amp#27;[32mAnd &amp#27;[0m&amp#27;[32mThe user wants to enter Expiration Year as &amp#27;[0m&amp#27;[32m&amp#27;[1m"2026"&amp#27;[0m                 &amp#27;[90m# code.stepsDefinitions.guru99Steps.the_user_wants_to_enter_expiration_year_as(java.lang.String)&amp#27;[0m
  &amp#27;[32mAnd &amp#27;[0m&amp#27;[32mThe user wants to enter CVV Code as &amp#27;[0m&amp#27;[32m&amp#27;[1m"189"&amp#27;[0m                         &amp#27;[90m# code.stepsDefinitions.guru99Steps.the_user_wants_to_enter_cvv_code_as(java.lang.String)&amp#27;[0m
  &amp#27;[32mAnd &amp#27;[0m&amp#27;[32mThe user wants to click on pay now&amp#27;[0m                                &amp#27;[90m# code.stepsDefinitions.guru99Steps.the_user_wants_to_click_on_pay_now()&amp#27;[0m
  &amp#27;[32mThen &amp#27;[0m&amp#27;[32mThe user wants to verify message as &amp#27;[0m&amp#27;[32m&amp#27;[1m"Payment successfull!"&amp#27;[0m       &amp#27;[90m# code.stepsDefinitions.guru99Steps.the_user_wants_to_verify_message_as(java.lang.String)&amp#27;[0m
]]></system-out>
    <system-err><![CDATA[Starting ChromeDriver 109.0.5414.74 (e7c5703604daa9cc128ccf5a5d3e993513758913-refs/branch-heads/5414@{#1172}) on port 46793
Only local connections are allowed.
Please see https://chromedriver.chromium.org/security-considerations for suggestions on keeping ChromeDriver safe.
ChromeDriver was started successfully.
Jan 20, 2023 8:59:48 PM org.openqa.selenium.remote.ProtocolHandshake createSession
INFO: Detected dialect: W3C
]]></system-err>
  </testcase>
  <testcase name="Verify that user can buy multiple products - Using Map Format" classname="Payment Gateway functional test" time="13.528">
    <system-out><![CDATA[
@TC3_BuyingMultipleProducts @Regression
Scenario: Verify that user can buy multiple products - Using Map Format &amp#27;[90m# src/test/resources/Demo.feature:41&amp#27;[0m
Driver is successfully started
  &amp#27;[32mGiven &amp#27;[0m&amp#27;[32mThe user wants to go to Payment Gateway Website&amp#27;[0m                 &amp#27;[90m# code.stepsDefinitions.guru99Steps.the_user_wants_to_go_to_payment_gateway_website()&amp#27;[0m
  &amp#27;[32mWhen &amp#27;[0m&amp#27;[32mThe user wants to buy elephant toy as &amp#27;[0m&amp#27;[32m&amp#27;[1m"5"&amp#27;[0m                        &amp#27;[90m# code.stepsDefinitions.guru99Steps.the_user_wants_to_buy_elephant_toy_as(java.lang.String)&amp#27;[0m
  &amp#27;[32mThen &amp#27;[0m&amp#27;[32mThe user wants to provide payment information as following&amp#27;[0m       &amp#27;[90m# code.stepsDefinitions.guru99Steps.the_user_wants_to_provide_payment_information_as_following(java.util.Map<java.lang.String, java.lang.String>)&amp#27;[0m
    | CNumber | 5454545454545454 |
    | EMonth  | 11               |
    | EYear   | 2026             |
    | CvvCode | 189              |
  &amp#27;[32mAnd &amp#27;[0m&amp#27;[32mThe user wants to click on pay now&amp#27;[0m                                &amp#27;[90m# code.stepsDefinitions.guru99Steps.the_user_wants_to_click_on_pay_now()&amp#27;[0m
  &amp#27;[32mThen &amp#27;[0m&amp#27;[32mThe user wants to verify message as &amp#27;[0m&amp#27;[32m&amp#27;[1m"Payment successfull!"&amp#27;[0m       &amp#27;[90m# code.stepsDefinitions.guru99Steps.the_user_wants_to_verify_message_as(java.lang.String)&amp#27;[0m
]]></system-out>
    <system-err><![CDATA[Starting ChromeDriver 109.0.5414.74 (e7c5703604daa9cc128ccf5a5d3e993513758913-refs/branch-heads/5414@{#1172}) on port 8873
Only local connections are allowed.
Please see https://chromedriver.chromium.org/security-considerations for suggestions on keeping ChromeDriver safe.
ChromeDriver was started successfully.
Jan 20, 2023 9:00:02 PM org.openqa.selenium.remote.ProtocolHandshake createSession
INFO: Detected dialect: W3C
]]></system-err>
  </testcase>
  <testcase name="Verify that user can buy multiple products - Using List format" classname="Payment Gateway functional test" time="13.349">
    <system-out><![CDATA[
@TC3_BuyingMultiProdsListForm @Regression @Smoke
Scenario: Verify that user can buy multiple products - Using List format    &amp#27;[90m# src/test/resources/Demo.feature:54&amp#27;[0m
Driver is successfully started
  &amp#27;[32mGiven &amp#27;[0m&amp#27;[32mThe user wants to go to Payment Gateway Website&amp#27;[0m                     &amp#27;[90m# code.stepsDefinitions.guru99Steps.the_user_wants_to_go_to_payment_gateway_website()&amp#27;[0m
  &amp#27;[32mWhen &amp#27;[0m&amp#27;[32mThe user wants to buy elephant toy as following quantity&amp#27;[0m             &amp#27;[90m# code.stepsDefinitions.guru99Steps.the_user_wants_to_buy_elephant_toy_as_following_quantity(java.util.List<java.util.List<java.lang.String>>)&amp#27;[0m
    | 4  |
    | 8  |
    | -0 |
  &amp#27;[32mThen &amp#27;[0m&amp#27;[32mThe user wants to provide payment information as following as a List&amp#27;[0m &amp#27;[90m# code.stepsDefinitions.guru99Steps.the_user_wants_to_provide_payment_information_as_following_as_a_list(java.util.List<java.util.List<java.lang.String>>)&amp#27;[0m
    | 5454545454545454 | 11 | 2027 | 199 |
    | 4520353569547896 | 12 | 2025 | 333 |
  &amp#27;[32mAnd &amp#27;[0m&amp#27;[32mThe user wants to click on pay now&amp#27;[0m                                    &amp#27;[90m# code.stepsDefinitions.guru99Steps.the_user_wants_to_click_on_pay_now()&amp#27;[0m
  &amp#27;[32mThen &amp#27;[0m&amp#27;[32mThe user wants to verify message as &amp#27;[0m&amp#27;[32m&amp#27;[1m"Payment successfull!"&amp#27;[0m           &amp#27;[90m# code.stepsDefinitions.guru99Steps.the_user_wants_to_verify_message_as(java.lang.String)&amp#27;[0m
]]></system-out>
    <system-err><![CDATA[Starting ChromeDriver 109.0.5414.74 (e7c5703604daa9cc128ccf5a5d3e993513758913-refs/branch-heads/5414@{#1172}) on port 42153
Only local connections are allowed.
Please see https://chromedriver.chromium.org/security-considerations for suggestions on keeping ChromeDriver safe.
ChromeDriver was started successfully.
Jan 20, 2023 9:00:15 PM org.openqa.selenium.remote.ProtocolHandshake createSession
INFO: Detected dialect: W3C
]]></system-err>
  </testcase>
</testsuite>